<?xml version="1.0" encoding="UTF-8"?>
<testsuite name="sparta.spartaproject.service.user.UserServiceTest" tests="6" skipped="0" failures="0" errors="0" timestamp="2022-12-14T11:14:25" hostname="Gwanhoui-MacBookAir.local" time="0.52">
  <properties/>
  <testcase name="1. 회원가입 정상 로직 테스트" classname="sparta.spartaproject.service.user.UserServiceTest" time="0.467"/>
  <testcase name="2. 어드민 키 불일치 오류" classname="sparta.spartaproject.service.user.UserServiceTest" time="0.038"/>
  <testcase name="3. 비밀번호, 재입력 비밀번호 불일치 오류" classname="sparta.spartaproject.service.user.UserServiceTest" time="0.001"/>
  <testcase name="4. 이미 존재하는 아이디 오류" classname="sparta.spartaproject.service.user.UserServiceTest" time="0.005"/>
  <testcase name="5. 존재하지 않는 아이디 로그인 오류" classname="sparta.spartaproject.service.user.UserServiceTest" time="0.003"/>
  <testcase name="6. 정상 로그인 테스트" classname="sparta.spartaproject.service.user.UserServiceTest" time="0.001"/>
  <system-out><![CDATA[]]></system-out>
  <system-err><![CDATA[]]></system-err>
</testsuite>
